mode: set
loggenerator/filter/logFilter.go:136.20,139.40 2 1
loggenerator/filter/logFilter.go:139.40,142.63 2 1
loggenerator/filter/logFilter.go:142.63,143.12 1 1
loggenerator/filter/logFilter.go:145.3,145.60 1 1
loggenerator/filter/logFilter.go:145.60,146.12 1 1
loggenerator/filter/logFilter.go:149.3,151.22 2 1
loggenerator/filter/logFilter.go:151.22,153.33 2 1
loggenerator/filter/logFilter.go:153.33,154.54 1 1
loggenerator/filter/logFilter.go:154.54,156.6 1 1
loggenerator/filter/logFilter.go:160.3,160.26 1 1
loggenerator/filter/logFilter.go:160.26,163.41 3 1
loggenerator/filter/logFilter.go:163.41,164.62 1 1
loggenerator/filter/logFilter.go:164.62,165.53 1 1
loggenerator/filter/logFilter.go:165.53,167.7 1 1
loggenerator/filter/logFilter.go:170.4,170.34 1 1
loggenerator/filter/logFilter.go:173.3,173.21 1 1
loggenerator/filter/logFilter.go:173.21,176.31 3 1
loggenerator/filter/logFilter.go:176.31,177.52 1 1
loggenerator/filter/logFilter.go:177.52,178.53 1 1
loggenerator/filter/logFilter.go:178.53,180.7 1 1
loggenerator/filter/logFilter.go:183.4,183.29 1 1
loggenerator/filter/logFilter.go:186.3,186.22 1 1
loggenerator/filter/logFilter.go:186.22,189.33 3 1
loggenerator/filter/logFilter.go:189.33,190.54 1 1
loggenerator/filter/logFilter.go:190.54,191.53 1 1
loggenerator/filter/logFilter.go:191.53,193.7 1 1
loggenerator/filter/logFilter.go:196.4,196.32 1 1
loggenerator/filter/logFilter.go:199.3,199.24 1 1
loggenerator/filter/logFilter.go:199.24,200.45 1 1
loggenerator/filter/logFilter.go:200.45,201.59 1 1
loggenerator/filter/logFilter.go:201.59,202.14 1 1
loggenerator/filter/logFilter.go:204.5,204.35 1 1
loggenerator/filter/logFilter.go:206.4,206.12 1 1
loggenerator/filter/logFilter.go:209.3,209.33 1 1
loggenerator/filter/logFilter.go:209.33,211.58 2 1
loggenerator/filter/logFilter.go:211.58,212.13 1 1
loggenerator/filter/logFilter.go:214.4,214.34 1 1
loggenerator/filter/logFilter.go:218.2,218.15 1 1
loggenerator/filter/logFilter.go:222.54,224.36 1 1
loggenerator/filter/logFilter.go:224.36,226.3 1 1
loggenerator/filter/logFilter.go:229.2,229.37 1 1
loggenerator/filter/logFilter.go:229.37,231.3 1 1
loggenerator/filter/logFilter.go:234.2,234.37 1 1
loggenerator/filter/logFilter.go:234.37,236.3 1 1
loggenerator/filter/logFilter.go:239.2,239.42 1 1
